2016-06-15 19:05:53,917 [main] [org.apache.http.client.protocol.RequestAddCookies]-[DEBUG] CookieSpec selected: best-match
2016-06-15 19:05:53,941 [main] [org.apache.http.client.protocol.RequestAuthCache]-[DEBUG] Auth cache not set in the context
2016-06-15 19:05:53,944 [main] [org.apache.http.impl.conn.PoolingHttpClientConnectionManager]-[DEBUG] Connection request: [route: {}->http://www.sogou.com:80][total kept alive: 0; route allocated: 0 of 2; total allocated: 0 of 20]
2016-06-15 19:05:53,981 [main] [org.apache.http.impl.conn.PoolingHttpClientConnectionManager]-[DEBUG] Connection leased: [id: 0][route: {}->http://www.sogou.com:80][total kept alive: 0; route allocated: 1 of 2; total allocated: 1 of 20]
2016-06-15 19:05:53,984 [main] [org.apache.http.impl.execchain.MainClientExec]-[DEBUG] Opening connection {}->http://www.sogou.com:80
2016-06-15 19:05:54,193 [main] [org.apache.http.impl.conn.HttpClientConnectionOperator]-[DEBUG] Connecting to www.sogou.com/121.195.187.36:80
2016-06-15 19:05:54,228 [main] [org.apache.http.impl.conn.HttpClientConnectionOperator]-[DEBUG] Connection established 192.168.1.103:57473<->121.195.187.36:80
2016-06-15 19:05:54,229 [main] [org.apache.http.impl.execchain.MainClientExec]-[DEBUG] Executing request GET / HTTP/1.1
2016-06-15 19:05:54,229 [main] [org.apache.http.impl.execchain.MainClientExec]-[DEBUG] Target auth state: UNCHALLENGED
2016-06-15 19:05:54,230 [main] [org.apache.http.impl.execchain.MainClientExec]-[DEBUG] Proxy auth state: UNCHALLENGED
2016-06-15 19:05:54,233 [main] [org.apache.http.headers]-[DEBUG] http-outgoing-0 >> GET / HTTP/1.1
2016-06-15 19:05:54,233 [main] [org.apache.http.headers]-[DEBUG] http-outgoing-0 >> Host: www.sogou.com
2016-06-15 19:05:54,234 [main] [org.apache.http.headers]-[DEBUG] http-outgoing-0 >> Connection: Keep-Alive
2016-06-15 19:05:54,234 [main] [org.apache.http.headers]-[DEBUG] http-outgoing-0 >> User-Agent: Apache-HttpClient/4.3.5 (java 1.5)
2016-06-15 19:05:54,234 [main] [org.apache.http.headers]-[DEBUG] http-outgoing-0 >> Accept-Encoding: gzip,deflate
2016-06-15 19:05:54,235 [main] [org.apache.http.wire]-[DEBUG] http-outgoing-0 >> "GET / HTTP/1.1[\r][\n]"
2016-06-15 19:05:54,235 [main] [org.apache.http.wire]-[DEBUG] http-outgoing-0 >> "Host: www.sogou.com[\r][\n]"
2016-06-15 19:05:54,236 [main] [org.apache.http.wire]-[DEBUG] http-outgoing-0 >> "Connection: Keep-Alive[\r][\n]"
2016-06-15 19:05:54,236 [main] [org.apache.http.wire]-[DEBUG] http-outgoing-0 >> "User-Agent: Apache-HttpClient/4.3.5 (java 1.5)[\r][\n]"
2016-06-15 19:05:54,236 [main] [org.apache.http.wire]-[DEBUG] http-outgoing-0 >> "Accept-Encoding: gzip,deflate[\r][\n]"
2016-06-15 19:05:54,237 [main] [org.apache.http.wire]-[DEBUG] http-outgoing-0 >> "[\r][\n]"
2016-06-15 19:05:54,293 [main] [org.apache.http.wire]-[DEBUG] http-outgoing-0 << "HTTP/1.1 302 Moved Temporarily[\r][\n]"
2016-06-15 19:05:54,293 [main] [org.apache.http.wire]-[DEBUG] http-outgoing-0 << "Server: nginx[\r][\n]"
2016-06-15 19:05:54,294 [main] [org.apache.http.wire]-[DEBUG] http-outgoing-0 << "Date: Wed, 15 Jun 2016 11:05:51 GMT[\r][\n]"
2016-06-15 19:05:54,294 [main] [org.apache.http.wire]-[DEBUG] http-outgoing-0 << "Content-Type: text/html[\r][\n]"
2016-06-15 19:05:54,294 [main] [org.apache.http.wire]-[DEBUG] http-outgoing-0 << "Transfer-Encoding: chunked[\r][\n]"
2016-06-15 19:05:54,295 [main] [org.apache.http.wire]-[DEBUG] http-outgoing-0 << "Connection: keep-alive[\r][\n]"
2016-06-15 19:05:54,296 [main] [org.apache.http.wire]-[DEBUG] http-outgoing-0 << "Set-Cookie: ABTEST=5|1465988751|v17; expires=Fri, 15-Jul-16 11:05:51 GMT; path=/[\r][\n]"
2016-06-15 19:05:54,297 [main] [org.apache.http.wire]-[DEBUG] http-outgoing-0 << "P3P: CP="CURa ADMa DEVa PSAo PSDo OUR BUS UNI PUR INT DEM STA PRE COM NAV OTC NOI DSP COR"[\r][\n]"
2016-06-15 19:05:54,298 [main] [org.apache.http.wire]-[DEBUG] http-outgoing-0 << "Location: https://www.sogou.com/[\r][\n]"
2016-06-15 19:05:54,298 [main] [org.apache.http.wire]-[DEBUG] http-outgoing-0 << "Expires: Wed, 15 Jun 2016 11:05:51 GMT[\r][\n]"
2016-06-15 19:05:54,299 [main] [org.apache.http.wire]-[DEBUG] http-outgoing-0 << "Cache-Control: max-age=0[\r][\n]"
2016-06-15 19:05:54,299 [main] [org.apache.http.wire]-[DEBUG] http-outgoing-0 << "[\r][\n]"
2016-06-15 19:05:54,300 [main] [org.apache.http.wire]-[DEBUG] http-outgoing-0 << "9a[\r][\n]"
2016-06-15 19:05:54,300 [main] [org.apache.http.wire]-[DEBUG] http-outgoing-0 << "<html>[\r][\n]"
2016-06-15 19:05:54,301 [main] [org.apache.http.wire]-[DEBUG] http-outgoing-0 << "<head><title>302 Found</title></head>[\r][\n]"
2016-06-15 19:05:54,301 [main] [org.apache.http.wire]-[DEBUG] http-outgoing-0 << "<body bgcolor="white">[\r][\n]"
2016-06-15 19:05:54,302 [main] [org.apache.http.wire]-[DEBUG] http-outgoing-0 << "<center><h1>302 Found</h1></center>[\r][\n]"
2016-06-15 19:05:54,302 [main] [org.apache.http.wire]-[DEBUG] http-outgoing-0 << "<hr><center>nginx</center>[\r][\n]"
2016-06-15 19:05:54,302 [main] [org.apache.http.wire]-[DEBUG] http-outgoing-0 << "</body>[\r][\n]"
2016-06-15 19:05:54,304 [main] [org.apache.http.wire]-[DEBUG] http-outgoing-0 << "</html>[\r][\n]"
2016-06-15 19:05:54,304 [main] [org.apache.http.wire]-[DEBUG] http-outgoing-0 << "[\r][\n]"
2016-06-15 19:05:54,304 [main] [org.apache.http.wire]-[DEBUG] http-outgoing-0 << "0[\r][\n]"
2016-06-15 19:05:54,305 [main] [org.apache.http.wire]-[DEBUG] http-outgoing-0 << "[\r][\n]"
2016-06-15 19:05:54,316 [main] [org.apache.http.headers]-[DEBUG] http-outgoing-0 << HTTP/1.1 302 Moved Temporarily
2016-06-15 19:05:54,317 [main] [org.apache.http.headers]-[DEBUG] http-outgoing-0 << Server: nginx
2016-06-15 19:05:54,317 [main] [org.apache.http.headers]-[DEBUG] http-outgoing-0 << Date: Wed, 15 Jun 2016 11:05:51 GMT
2016-06-15 19:05:54,318 [main] [org.apache.http.headers]-[DEBUG] http-outgoing-0 << Content-Type: text/html
2016-06-15 19:05:54,318 [main] [org.apache.http.headers]-[DEBUG] http-outgoing-0 << Transfer-Encoding: chunked
2016-06-15 19:05:54,319 [main] [org.apache.http.headers]-[DEBUG] http-outgoing-0 << Connection: keep-alive
2016-06-15 19:05:54,319 [main] [org.apache.http.headers]-[DEBUG] http-outgoing-0 << Set-Cookie: ABTEST=5|1465988751|v17; expires=Fri, 15-Jul-16 11:05:51 GMT; path=/
2016-06-15 19:05:54,320 [main] [org.apache.http.headers]-[DEBUG] http-outgoing-0 << P3P: CP="CURa ADMa DEVa PSAo PSDo OUR BUS UNI PUR INT DEM STA PRE COM NAV OTC NOI DSP COR"
2016-06-15 19:05:54,320 [main] [org.apache.http.headers]-[DEBUG] http-outgoing-0 << Location: https://www.sogou.com/
2016-06-15 19:05:54,321 [main] [org.apache.http.headers]-[DEBUG] http-outgoing-0 << Expires: Wed, 15 Jun 2016 11:05:51 GMT
2016-06-15 19:05:54,321 [main] [org.apache.http.headers]-[DEBUG] http-outgoing-0 << Cache-Control: max-age=0
2016-06-15 19:05:54,333 [main] [org.apache.http.impl.execchain.MainClientExec]-[DEBUG] Connection can be kept alive indefinitely
2016-06-15 19:05:54,353 [main] [org.apache.http.client.protocol.ResponseProcessCookies]-[DEBUG] Cookie accepted [ABTEST="5|1465988751|v17", version:0, domain:www.sogou.com, path:/, expiry:Fri Jul 15 19:05:51 CST 2016]
2016-06-15 19:05:54,355 [main] [org.apache.http.impl.client.DefaultRedirectStrategy]-[DEBUG] Redirect requested to location 'https://www.sogou.com/'
2016-06-15 19:05:54,359 [main] [org.apache.http.impl.execchain.RedirectExec]-[DEBUG] Resetting target auth state
2016-06-15 19:05:54,359 [main] [org.apache.http.impl.execchain.RedirectExec]-[DEBUG] Redirecting to 'https://www.sogou.com/' via {s}->https://www.sogou.com:443
2016-06-15 19:05:54,362 [main] [org.apache.http.impl.conn.PoolingHttpClientConnectionManager]-[DEBUG] Connection [id: 0][route: {}->http://www.sogou.com:80] can be kept alive indefinitely
2016-06-15 19:05:54,362 [main] [org.apache.http.impl.conn.PoolingHttpClientConnectionManager]-[DEBUG] Connection released: [id: 0][route: {}->http://www.sogou.com:80][total kept alive: 1; route allocated: 1 of 2; total allocated: 1 of 20]
2016-06-15 19:05:54,363 [main] [org.apache.http.client.protocol.RequestAddCookies]-[DEBUG] CookieSpec selected: best-match
2016-06-15 19:05:54,364 [main] [org.apache.http.client.protocol.RequestAddCookies]-[DEBUG] Cookie [version: 0][name: ABTEST][value: 5|1465988751|v17][domain: www.sogou.com][path: /][expiry: Fri Jul 15 19:05:51 CST 2016] match [(secure)www.sogou.com:443/]
2016-06-15 19:05:54,366 [main] [org.apache.http.client.protocol.RequestAuthCache]-[DEBUG] Auth cache not set in the context
2016-06-15 19:05:54,367 [main] [org.apache.http.impl.conn.PoolingHttpClientConnectionManager]-[DEBUG] Connection request: [route: {s}->https://www.sogou.com:443][total kept alive: 1; route allocated: 0 of 2; total allocated: 1 of 20]
2016-06-15 19:05:54,368 [main] [org.apache.http.impl.conn.PoolingHttpClientConnectionManager]-[DEBUG] Connection leased: [id: 1][route: {s}->https://www.sogou.com:443][total kept alive: 1; route allocated: 1 of 2; total allocated: 2 of 20]
2016-06-15 19:05:54,368 [main] [org.apache.http.impl.execchain.MainClientExec]-[DEBUG] Opening connection {s}->https://www.sogou.com:443
2016-06-15 19:05:54,369 [main] [org.apache.http.impl.conn.HttpClientConnectionOperator]-[DEBUG] Connecting to www.sogou.com/121.195.187.36:443
2016-06-15 19:05:54,844 [main] [org.apache.http.impl.conn.HttpClientConnectionOperator]-[DEBUG] Connection established 192.168.1.103:57474<->121.195.187.36:443
2016-06-15 19:05:54,845 [main] [org.apache.http.impl.execchain.MainClientExec]-[DEBUG] Executing request GET / HTTP/1.1
2016-06-15 19:05:54,845 [main] [org.apache.http.impl.execchain.MainClientExec]-[DEBUG] Target auth state: UNCHALLENGED
2016-06-15 19:05:54,846 [main] [org.apache.http.impl.execchain.MainClientExec]-[DEBUG] Proxy auth state: UNCHALLENGED
2016-06-15 19:05:54,846 [main] [org.apache.http.headers]-[DEBUG] http-outgoing-1 >> GET / HTTP/1.1
2016-06-15 19:05:54,847 [main] [org.apache.http.headers]-[DEBUG] http-outgoing-1 >> Host: www.sogou.com
2016-06-15 19:05:54,847 [main] [org.apache.http.headers]-[DEBUG] http-outgoing-1 >> Connection: Keep-Alive
2016-06-15 19:05:54,847 [main] [org.apache.http.headers]-[DEBUG] http-outgoing-1 >> User-Agent: Apache-HttpClient/4.3.5 (java 1.5)
2016-06-15 19:05:54,848 [main] [org.apache.http.headers]-[DEBUG] http-outgoing-1 >> Cookie: ABTEST=5|1465988751|v17
2016-06-15 19:05:54,848 [main] [org.apache.http.headers]-[DEBUG] http-outgoing-1 >> Cookie2: $Version=1
2016-06-15 19:05:54,850 [main] [org.apache.http.headers]-[DEBUG] http-outgoing-1 >> Accept-Encoding: gzip,deflate
2016-06-15 19:05:54,850 [main] [org.apache.http.wire]-[DEBUG] http-outgoing-1 >> "GET / HTTP/1.1[\r][\n]"
2016-06-15 19:05:54,850 [main] [org.apache.http.wire]-[DEBUG] http-outgoing-1 >> "Host: www.sogou.com[\r][\n]"
2016-06-15 19:05:54,851 [main] [org.apache.http.wire]-[DEBUG] http-outgoing-1 >> "Connection: Keep-Alive[\r][\n]"
2016-06-15 19:05:54,851 [main] [org.apache.http.wire]-[DEBUG] http-outgoing-1 >> "User-Agent: Apache-HttpClient/4.3.5 (java 1.5)[\r][\n]"
2016-06-15 19:05:54,852 [main] [org.apache.http.wire]-[DEBUG] http-outgoing-1 >> "Cookie: ABTEST=5|1465988751|v17[\r][\n]"
2016-06-15 19:05:54,852 [main] [org.apache.http.wire]-[DEBUG] http-outgoing-1 >> "Cookie2: $Version=1[\r][\n]"
2016-06-15 19:05:54,853 [main] [org.apache.http.wire]-[DEBUG] http-outgoing-1 >> "Accept-Encoding: gzip,deflate[\r][\n]"
2016-06-15 19:05:54,853 [main] [org.apache.http.wire]-[DEBUG] http-outgoing-1 >> "[\r][\n]"
2016-06-15 19:05:54,906 [main] [org.apache.http.wire]-[DEBUG] http-outgoing-1 << "HTTP/1.1 200 OK[\r][\n]"
2016-06-15 19:05:54,906 [main] [org.apache.http.wire]-[DEBUG] http-outgoing-1 << "Server: nginx[\r][\n]"
2016-06-15 19:05:54,906 [main] [org.apache.http.wire]-[DEBUG] http-outgoing-1 << "Date: Wed, 15 Jun 2016 11:05:51 GMT[\r][\n]"
2016-06-15 19:05:54,906 [main] [org.apache.http.wire]-[DEBUG] http-outgoing-1 << "Content-Type: text/html[\r][\n]"
2016-06-15 19:05:54,907 [main] [org.apache.http.wire]-[DEBUG] http-outgoing-1 << "Transfer-Encoding: chunked[\r][\n]"
2016-06-15 19:05:54,907 [main] [org.apache.http.wire]-[DEBUG] http-outgoing-1 << "Connection: keep-alive[\r][\n]"
2016-06-15 19:05:54,907 [main] [org.apache.http.wire]-[DEBUG] http-outgoing-1 << "Vary: Accept-Encoding[\r][\n]"
2016-06-15 19:05:54,907 [main] [org.apache.http.wire]-[DEBUG] http-outgoing-1 << "Set-Cookie: IPLOC=CN5101; expires=Thu, 15-Jun-17 11:05:51 GMT; domain=.sogou.com; path=/[\r][\n]"
2016-06-15 19:05:54,908 [main] [org.apache.http.wire]-[DEBUG] http-outgoing-1 << "P3P: CP="CURa ADMa DEVa PSAo PSDo OUR BUS UNI PUR INT DEM STA PRE COM NAV OTC NOI DSP COR"[\r][\n]"
2016-06-15 19:05:54,908 [main] [org.apache.http.wire]-[DEBUG] http-outgoing-1 << "Set-Cookie: SUID=1AF329D205C60D0A000000005761368F; expires=Tue, 10-Jun-36 11:05:51 GMT; domain=.sogou.com; path=/[\r][\n]"
2016-06-15 19:05:54,908 [main] [org.apache.http.wire]-[DEBUG] http-outgoing-1 << "P3P: CP="CURa ADMa DEVa PSAo PSDo OUR BUS UNI PUR INT DEM STA PRE COM NAV OTC NOI DSP COR"[\r][\n]"
2016-06-15 19:05:54,908 [main] [org.apache.http.wire]-[DEBUG] http-outgoing-1 << "Expires: Wed, 15 Jun 2016 11:05:51 GMT[\r][\n]"
2016-06-15 19:05:54,909 [main] [org.apache.http.wire]-[DEBUG] http-outgoing-1 << "Cache-Control: max-age=0[\r][\n]"
2016-06-15 19:05:54,909 [main] [org.apache.http.wire]-[DEBUG] http-outgoing-1 << "Content-Encoding: gzip[\r][\n]"
2016-06-15 19:05:54,909 [main] [org.apache.http.wire]-[DEBUG] http-outgoing-1 << "[\r][\n]"
2016-06-15 19:05:54,909 [main] [org.apache.http.wire]-[DEBUG] http-outgoing-1 << "e91[\r][\n]"
2016-06-15 19:05:54,910 [main] [org.apache.http.wire]-[DEBUG] http-outgoing-1 << "[0x1f][0x8b][0x8][0x0][0x0][0x0][0x0][0x0][0x0][0x3][0xd5]<ks[0xdb][0xd6][0x95][0x5][0x86]S[0x93][0xb4]A[0xf0][0xa1][0x87]%R[0x94][0xc7]q[0xdc]][0xef]$[0x9b]L[0xec][0xec]tg[0xb7][0xab][0x1][0x81][0xb][0x12][0x11][0x8][0xc0][0x0]HJ[0xe6]x[0xc6]I[0xeb][0xbc][0x13][0xa7][0xd3]&i[0x1e];m[0xd2][0xa4]I[0x9b][0xc4]n'[0xe9][0xc6]ql[0xe7][0xc7]T[0xa4][0xec]O[0xfb][0x17][0xf6][0x9c]{/[0x80][0x8b][0x7]%[0xca][0xfd][0xb4][0x94]%[0x1][0xb8][0xf7]<[0xee]9[0xe7][0x9e][0xd7][0x85][0xbc]q[0xec][0x89][0xa7][0xcf]][0xfa][0xf7]g[0xce]K[0xff]|[0xe9][0xa9]'77[0xfa][0xe1][0xc0][0x86][0x9f]D367[0x2][0xdd][0xb7][0xbc]ps[0xa4][0xf9][0xd2]V[0xe0][0x11]b<[0xa5][0xf9][0xdb][0x1d][0x87][0x8c][0xa5]'[0xb4][0x90][0x94]+[0xed][0x8d][0x1a][0x9f][0xb2]1 [0xa1]&[0xe9]}[0xcd][0xf]H[0xd8][0x91][0x87][0xa1]Y][0x93]77B+[0xb4][0xc9][0xe6][0xec][0xed][0x8f][0xf6]_[0xf]~[0xfb][0xc9][0xf4][0xee];[0xb3]_[0xbf]%U[0xa5][0xbd][0xdb][0xaf][0xed][0xdf][0xfb][0xd5][0xde][0xf]o[0xb1][0xd1][0xe9][0xdd]k[0xd3][0xcf]_[0xdf][0xa8]1[0x88][\r][0xdb]r[0xb6]%[0x9f][0xd8][0x1d]9[0xe8][0xbb]~[0xa8][0xf]C[0xc9][0xd2]]G[0x96][0xfa]>1;r[0xcd][0x1a]h=[0x12][0xd4]l[0xb7][0xe7][0xd6][0x80][0x9f][0x9a][0xa9][0x8d]p\[0x85][0x1f]gF[0x9d][0xa6],[0x85][0xbb][0x1e][0xe9][0xc8]tZm[0xa7]Ja9[0x93][0xfd]0[0xf4][0xaa][0xe4][0xf2][0xd0][0x1a]u[0xe4][0x9f]U[0x9f];[=[0xe7][0xe]<-[0xb4][0xba]6[0x91]%[0x98][0x17][0x12][0x7]Vp[0xe1]|[0xe7][0xbc][0xd1]#[0x11][0x90][0xa3][\r][0x0][0xdd]6[0xd9][0x1d][0xbb][0xbe][0x11][0x8][0xf3][0xc4][0xb5])[0xb0][0xa0][0x87][0x1f][0xff][0x8d][0xdf]L[0xef][0xdf][0xdc][0xfb][0xf1]c~[0xf3][0xe0][0xf3][0x97][0x1e]~[0xf2][0xab]h[0xe4][0xc3][0xfb][0xfb][0xaf][0xbe][0xcc]o[0x1e][0xfe][0xee][0x9b][0xbd][0xef][0xdf][0xe6]7[0xb3]w[0xff][0xf2][0xf0][0xbd][0x1f]"[0x98]{[0xb7][0xf6]~[0xf8][0x9f]h[0xda]{7[0xf7][0xbf][0xfe]MD[0xe7][0xfd][0xfb][0xfb][0x9f]G[0xd8][0x1e]|[0xfb][0xf5][0xfe][0xab]b7iv[\r][0xc2][0xb4]c[0xa1][0xe0]b[0x8e][0xf7]n=[0xfd][0xf0][0xde][0xec][0xa3]k[0xf]?yiz[0xfd][0x95][0xfd][0xf]~[0x9]Of[0xef][0xbe],[0xea][0xe7][0xef][0xbe]1[0xfb][0xcd][0xad][0xd9][0x1b]/[0xb0]EL[0xaf][0xb5]w[0xf7][0xbd][0xe9][0x8d][0xef][0xfe]~[0xed][0x5][0x98][0xb9][0xff][0xe5][0xef][0xd9]d[0x98][0xf6][0xf0][0xda][0x7][0xf]~|y[0xff][0xf5][0xaf]f[0x1f][0xbd][\n]"
2016-06-15 19:05:54,915 [main] [org.apache.http.wire]-[DEBUG] http-outgoing-1 << "[0xa8].[0x82]B[0x86][0xcf]j[0xce][0xf6][0xec][0xb5]k[0xb3][0x8f]nMo[0xbc][0xb6]w[0xe7][0xce][0xf4][0xbb][0xcf]f[0xef][0xdf]y[0xf0][0x8b]{[0xfb]7[0xdf][0x9b]}[0xf3][0xce][0xde][0xed];[0xb3][0x17][0xbf][0x98][0xdd]x{[0xef][0xfe][0x87][0xc0][0xc6][0xf4][0xc7]/[0x11]-\[0xbc][0xfc][0x12][0xbf][0xb8][0xfe][0x5][0xa0]b$f[0x1f][0xbd]9}[0xed][0xe3][0xbf]_{[0x11][0x96][0x16][0x84][0xbb]`[0x1b][0x12][0xff]t]cW[0xf1][0x94]~C[0xe9]7[0x95][0xfe][0x92][0xd2]_V[0xfa]+JU[0x19][0xda][0x8a]k+[0xb6][0xa5][0x18][0xb6]b[0x84][0x8a]a([0xa1][0x6][0xca]U[0xc2][0xbe][0x12][0x1a][0x8a][0xe9][0xfa][0x3][0xc5][0xb4][0x88]m[0x80][0xa5]*6[0xe9][0x11][0xc7]P,[0xc7][0x1b][0x86]JHvB[0xcd]'[0x9a][0xd2][0x1d][0x86][0xa1][0xeb]([0x1][0xb1][0x89][0x1e]N[0x6][0x9a][0xdf][0xb3][0x9c]V[0xbd][0xed]i[0x86]a9[0xbd]V[0xfd]j[0x8a][0x87][0xc]0[0x83][0xe2]8&&[0x88][0xbd]jj[0x3][0xcb][0xde]mi[0xbe][0xa5][0xd9]J[0xc9][0x3][0x1c][0xa6][0xe6][0xf4][0xa4]@/)A[0xd8]'Vh)[0x81]5[0x8][0x86]@Rs[0x82]j@|[0xcb]lS[0xc8][0xc0][0xba]BZ[0x8d]eo'&i[\r]z1[0xfb][0x93].X#[0xf1][0x5][0x86][0xe8][0xda]'[0xb6][0x15][0x0](J[0xab][0xe5][0xb8][0xe][0x89]G[0xc9]@[0x81]%[0xf8]$[0x8][0x18]_[0xd1][0x14][0xa0][0xd9][0xf1]$m[0x82]K[0xa9][0x1a]Dw}[\r]m[0x87][0xe2]h[0x83][0x1][0xd9][0xae][0xdf]:^[0xaf][0xeb][0xed][0xae][0xed][0xb7][0xc8][0x8e][0x87][0x88]`[0xbc][0x1c][0xf6][0xad]@u[0x9d][0x9f][0xba][0xfa]0[0xe8][0xd0][0x9b][0xae]=[0xf4][0xcb][0x95]J[r[0x87]!l[0xe5][0xc][0x1b]Z[0xab][0xef][0x8e][0x88][0xaf]h-M[0xf][0xad][0x11][0x81][0xb][0x13]as[0x84][0x87][0xe][0xac][0xe][0xe1][0xdb]1[0xac][0xaa][0xdb]D[0xf3]'[0xf4]g[0xab][0xeb][0x86][0xfd]6[0xc8][0xaf][0xd7][0xf]A=8[0xb1][0x1a][0xdf]%[0xe2][0xab][0xb7]GV`u-[0xdb][\n]"
2016-06-15 19:05:54,918 [main] [org.apache.http.wire]-[DEBUG] http-outgoing-1 << "w[}[0xcb]0[0x88][0xd3]F[0xfa][0xa6][0xed][0x8e][0xf9]}[0x8c][0x1e][0xbd][0xdf][0xe4]d4Z[0x5][0x9d][\r]C[0xb7][0x9d][0x1a]V[0xa8][0xd6]'[0x12][0xa7][0xd4][0xa8][0xd7][0xd2][0xde][0x9a][0xb][0xc1][0xe6]v5}[0xbb][0xe7][0xbb][0xb0][0x9e][0xd6]q[0xd3]4[0xdb][[0x9e][0x1b]Xt[0x89][0xe0][0xe3]4[0x94]A[0xfb][0x8a][0xeb][0xe]Z[0x8d][0x4][0xf0][0xf8][0xd8][0xd7][0xbc][0xc9][0xc0]r[0xaa]"[0xa1][0x18]N[0x8a][0x1][0x13]\A[0x8]O[0xf4]6[0xc2][0x8c]-#[0xec][0xb7]$[0x80][0xa9]{;[0x82][0xf4][0x2][0xaf][0x1a][0xba][0xde]D[0x8a]a[0xb4]n[0xe0][0xda][0xc3][0x90][0xb4]}.7I[0x14][0xe3]R[0x13][0xa0]%[0x80]H[0x9][0xb4][0xb1][0x84]O[0x19][0x9][0xe4]*[0x8b]^R[0xfb]U 0[0x91][0xc]+[0xf0]lm[0xb7]%1[0xb][0xca][0x13][0x95][0x18][0xd5][0xb5][0xd3][0x80][0x90][0xe1][]C[0xdc]"[0xf][0xcd]u|[0x92][0x95][0xa0][0xc4]M[0xbf][0xe1][0xed]H[0x80][0xcc]2[0xa4][0xe3][0xa4][0x8b]_[0xed][0xae][0xbb]S[\r][0xfa][0x9a][0x1][0xca][0x95]p[0x14][0xbf]a[0x19][0x92][0xdf][0xeb]j[0xe5][0xba][0x82]_jc[0xa5][0xd2][0xae][0xe][0xdc]+[0xd5][0x85]'[0x8f]Iw[0xdb][\n]"
2016-06-15 19:05:54,919 [main] [org.apache.http.wire]-[DEBUG] http-outgoing-1 << "[0x17][0x9e]Oe[0xb6][0xb4]&[0xec][0xdb][0xb4]l`[0x85][0x13])c[0x84]m)[0xb5]b[0xc1][0x80][0xe7]![0xd1][0x12][0x11]wmW[0xdf][0x6][0x11]3[0x17]U[0xb5][0x89][0x9]bE4|[0xdb].--[0x1]S[0x85][0x1b];[0xad][0xd8][0xb9][0xb4][0xd8][0xa6][0xcd][0xd8][0xf2][0xb2][0xb9]f[0x9a][0xf3]@[0x2]OsR[0xf3][0x87][0xbe]][0x8e]B[0xb7][0x5]{{[0xa7][0x16]x[0xbb][}[0xd5]sz[0x10][0xb5][0x1b][0x15][0xa9][0xba][0xc]<Ku[0xb0][0x97][0xaa]O<[0xa2][0x85][0xed][0xad][0x5][0xc0]{[0x96]9[0xf][0x9c][)[0x95][0x4][0x97][0xee][\n]"
2016-06-15 19:05:54,921 [main] [org.apache.http.wire]-[DEBUG] http-outgoing-1 << "^[0xe7]D[0x8f][0xfa][0xaa][0xd2]!*[0xba]ezY`[0xb0])y[0xe7][0x17]>[0x84]<i"[0x9d][0xe4][0x9b]Yb[0xa1][0x3][0x87]Z[0xab]T[0xa7][0xb6][0xab][0x85]-j[0xf4][0xed]-n[0xf0]+E2G<[0xa8]^[0x6][0x80],[0xc5][0xc8][0xd8][0x96]i0[0x6]Eu7[0xa8][0xd9][0xcc][0xc1][0xa5][0x6][0xc4][0xd3]@[0xed]$[0x8d]3[0xf2]-MaGg[0xb7][0x1b]Y[0xc6][0xaf][0x2][0x99][0xf1][0xc0][0xb8][0x8e][0xfb]`[0x85][\n]"
2016-06-15 19:05:54,921 [main] [org.apache.http.wire]-[DEBUG] http-outgoing-1 << "[0xbe][0xc0]R9[0xf5]j[0xb0]m[0x1d][0xd5][0x18][0xd0][0x17]H[0xf8]-[0xe8][0xf3]h[0xf6][0x90][0xc7]0[0x97][0xc1][0xad]![0x84]][0x88][0xa9]![0xc8]sr$6[0x1b][0xcd][0xd3]9>[0x8f][0xc6]f[0x1][0x86][0xf9][0x82][0x84][0x9c][0x17]L[0xf2]h,6[0xeb][0x8d][0x90][0xc5][0x2][0xc][0x9][0x8b][0x98][0x86][0xa3]k[0x9c]0[0xf][0xa3][0xd9]V[0xcf]i[0xe9][0x90]m[0x12]?[0xb1]Q[0xdc][0x4]+[0xb8][0x11][0xa3][0x7][0xcc][0x90][0xa5][0xe5]L[0x84][0xaa]b[0x8a][0x8d][0xb3][0x15][0xb8][0xc6]lm"E;[0x85][0x9a]f[0x94][0x8e]I[0xe9]@[0x1b]O[0x16][0xf6]\[0xd6][0x8f][\n]"
2016-06-15 19:05:54,923 [main] [org.apache.http.wire]-[DEBUG] http-outgoing-1 << ";:[0xe][0x9f][0xd2][0x95]*]q[0xab][0xd9][0xe4]18[0x8b][0xb2][0xa5][0x99][0xb0][0x90]I[0xda][0xd3][0xe6]S[0x8a][0xa2][0x94][0x84]'[0xdd][0xad][0x92]Z*ZaA[0x8]H'1i[0xe6][0xa3][0xcd][0xba][0x9a][0xdb][0xfa][0xab]u[0xf1][0x11].[0xbd]q:^[0xfb][0x1][0xd9][0xa7][0x14][0xa5][0x9f][0x12][0xcf]?[0xa5]$[0x1]-bX[0xd2][0x14][0xf1].[0x8]}[0x17]vKAR[0x92][0xb]5I*[0x97][0xf6]c[0xcd]fZG[0x98][0xeb][0xa6]29[0xba][0xda][0xad][0xbc]f[0xb2]L[0xcc][0x9]nI[0xf8]+[0x4]V[0x1d]mT[0xc5][0x82]VXD[0xec][0xec][0xa3]$[\n]"
2016-06-15 19:05:54,924 [main] [org.apache.http.wire]-[DEBUG] http-outgoing-1 << "[0xd3][0x1d][0xce][0x8d]D[0xd9][0x89][0xb5]&q[0xb5][0x9][I[0x12][0xf7][0x12][0xc7][0x8e][0xfb][0xa8][0x82][0xee]Q[0xd8]~[0xa8]$[0xd8][0xf9][0xe8][0xc6][0xf9]F[0xa8][0xae]e6[0x2]-,p_[0xa1][0xd0][0xbb][0xa1]S[0xa5];*[0x89][0xf9][0x96]C[0x5][0xc5]CF[0x86][0x12][0xf0][0x8][0xd9][0xa0]f[0xf3][0xed][0x8][0xf4][0xda][0x7]X[0xff]R[0xbd]-[0x4][0x86]B.$z%8[0x9e]*[0x17].[0xe6]cLV+K+[0x89][0xac][0x9a][0xf5]d[0xb3]c[0xf8][0x93][0xd0]$[0x91]K[0xaa]S[0x89][0xda]c;[0x9f][0xc6][0xad][0x9f][0xc6]/>[0x0]t[0xa1][0x8c][0x1a][0x88][0xe3]Z[0x1d][0xbf][0xa2][0x4][0xb0][0x1a][0xe5][0xad][0x5][0xcb][0x15][0x8b][0x8f]t"$|[0x92][0xcc][0x8e][0xa1][0xd3][0xc]k[0x18][0xb4]hR[0x87][\n]"
2016-06-15 19:05:54,925 [main] [org.apache.http.wire]-[DEBUG] http-outgoing-1 << "[0xa3][0xe6])NgY[0xe3]Bs[0x17][0x98]&[\n]"
2016-06-15 19:05:54,925 [main] [org.apache.http.wire]-[DEBUG] http-outgoing-1 << ":[0xd1][0xf0]I[0xc1][0x87]5[0x84][0xd4]ei9c![0xe8][0x9e][0xaa][0xa3]F[0x1a]:[0x9a][0xbd][0xdc]Le[0x16][0x82]"[0xd5][0xf1][0x96][0xe3][0x8e]'[0x5]9[0xf4][0xda]z[0x97][0x98][0xcd][0xa2]t[0xd7]r 8F[0xfc]K[0xc7][0xbb][\r][0xa3]aB[0x86][0x93][0xcd][0xa2][0xe7]L;tFF[0x9b][0xc5][0x82][0xe1][0x16][0xa8][0xf][0xfd][0x0]T[0xe9][0xb9][0x16][0x8d]0q![0x92][0x98][0x1e][0x15]T\[0xae]GFVo[0x1f]![0xff][0x88]2JLl[0xaa]kK[0xe9],$[0xe7][0xb6]S[0xa6]&XZ[0xf1]2 [0x19][0xd3]|[0xbd]O[0x9f][0xb0][0xac]z[0x9e][0x3][0x99][0x93]%S[0xa6][0x1a][0xe8][0xe3][0x5][0xae][0xe2][0x2][0xbd][0xbe][0x0]YVy?[0x12][0xdd]fsm[0x11][0xba][0xa1][0xeb][0xda]AaF Xwsy[0x81][0x84][0x80]b[0xc2]l[0xf8][0xd0][0xa0][0x2]YA[0xbe]~[0x14][0xbb]'[0xc7][0xcd]p"z[0xca][0xa6]P"[0xad][0xae][0xae]f Y[0xf5][0x9b]_@R[0xfa][\n]"
2016-06-15 19:05:54,927 [main] [org.apache.http.wire]-[DEBUG] http-outgoing-1 << "[0x19]E[0x12]7$[0xee][0xb4][0xea]IH[0xe6]OV[0xb8][0x7][0x8c]b[0xb2]tPKHf1Y[0x16][0x9b]BY[0xc3][0x8b][\n]"
2016-06-15 19:05:54,927 [main] [org.apache.http.wire]-[DEBUG] http-outgoing-1 << "[\r][0xc6][0xd1][0xf2][0xe9]z\[0xc1][0xac] s\[0xd2][0xf4]A[0xb5]I[0x9d][0xb3]([0x8a]Ee[0xba]L=[0xd7]JZ[0x8e][0x92][\n]"
2016-06-15 19:05:54,928 [main] [org.apache.http.wire]-[DEBUG] http-outgoing-1 << "AW[0x14]]q[0x0][0x8e][0x90]d@[0xa3]jr.[0xf9]x~[\n]"
2016-06-15 19:05:54,928 [main] [org.apache.http.wire]-[DEBUG] http-outgoing-1 << "[0xae][0xb][0x1c][0xa7][0xcd][0x85][0x5][0xbb][0x3][0xf7][0xf5][0x18]$[0xab]9M4[0xe4][\n]"
2016-06-15 19:05:54,929 [main] [org.apache.http.wire]-[DEBUG] http-outgoing-1 << "[0xb6]D~B[0x17][0x94][0x18]pq<=liW3[0x8c][0x1d]}Eq[0xde][0xcc]+e[0xae]D[0xea][0xc8][0xe2]do[0x85][0xde][0x15][0xb3]X[0x10][0xf3]R[0xf1]'[0x89][0xd4][0x89][0x95][0x82][0xe3][0x9d]7[0x89][0x89][0xa3]%:[0xba][0xe2][0x89]T[0xba])A[0xc7][0x8d]x[0xe6]b`[\r];[0xc0]9w[0x1d][0xcd]J[\n]"
2016-06-15 19:05:54,929 [main] [org.apache.http.wire]-[DEBUG] http-outgoing-1 << "[0x91]XxP[0x1b][0xd9]2-[0x1b][0xf6]U[0xcb][0xf3][0xa1][0xb4]1ZO[0xfc][0xec][0x2]"[0xbd][0xe4][0x83][0xd9]c[0x80]S[0x9f][0xb2]t[0xdf][\r]\3T[0xcf][0xda]^_[0xa3][0xa3]O[0xba][0x1a][0x88][0xb5][0x1c][0xf8]z[0xc1]i@![0x13][0xb0][0x8f][0xac]+`7O[0x91][0xb0][0xef][0x1a][0x1d]@[0xe9]U[0xe]^`[0x9c][0x1b][0xd0][[0xd8][0x81]a9[0xab]B[0xfc][0x1c] [0x87]5`a[0xa9][0x9e][0xc8]Aj[0xee](GD[0x91][0x15][0xa5][0xd4][0xd8][0x11]![0xf]][0x2][0xc6][0xe7][0xff][0x17][0xfc][0xe7][0xb7][0x87]f[0xb0][0xa2]2*[0xff][0xea]B[0xf9][0xd7][0xc4]P[0x84][0x15][0xa0][0x94][0xf7][0xb2][0x8d]F=[0xd5][0xbd]I[0xb2][0xdd][0xb8][0xdd][0x91][0xaa][0x97]"[0xb0]L[0xe0]a[0xe4]sM[0xb6][0xdc][0x4]U[0xb7][0xdd][0x80][0xa4]z[0x1b][0x87][0xc7]R[0xf4]@[0xd5][0xf5][0xe5][0xf9][0xcd][0x8d][0xb9]([0xe2][0x9a][0xbc][0x10][0x5][0x93]UsEp![0xcd]y[0xbd][0xac]8[0xd9]b[\r][0xde]9[0xb]k=J[0x86][0x82][0xbd][0xa8]t}[0xc5]Hrf[0x12]sM[0xfc][0xf1]@4[0x98][0xc6][0xea][0xaa] [0x85][0xd5]fa[0xdf][0xaf][0xd8][0xb1][0x9e]L?[0xce][0xc3][0xc5][0x1d][0xbe]T[0xde]*$[0xd2]f[0x13][0xbf][\n]"
2016-06-15 19:05:54,932 [main] [org.apache.http.wire]-[DEBUG] http-outgoing-1 << "[0x8d][0xb0][0xc8]k[0xc7][0x99][0xfe]I[0xaa][0x8b][0xa4]W[0x98][0xae][0xc6][0xa2]%[0xe2])[0xd0]A[0xcd][0xc1][0xb4]![0xc7]Px[0xb5][0x93]o:[0xc4][0x8b][0xc9]&F[0xa9]d[0xa8][0x9e]M[0x95][0x84][0xc4][0x88][0xf1]@[0xc1][0xc7]lz[0xd7][0xb5][0x8d]LG[0xa2].[0x96]#i[0x9e]$[0xd5]k[0xc6][0xc9][0xc4][0xfa][0xfa]z[0x1a][0x17];[0xa0]Jck[0xa6]Vh[0x82][0x8f]vLwNi[0x9c][0xd5][0xe6][0xc9]t[0xd6][0xd4]\[[0xce][0xe4]yl9";[0xe9]F[0xeb]Z[0xb1]{[0xa1]=d[0xc4]E[0x95]Xeu^[0x81][0x1a]i[0xc2][0xc0]YF[0xf7][0x12][0x1f]0.[0x90]N[0xcd][0xb1][0xd7]L$Ma[0xf1][0xcc]$[0x5][0xa7][0xf6][0x94][0xf4]=&_[0xa2]P[0xe6][0x80]![0xc6][0x89][0xd8]LN5[0x99]s;[0xb0][0xa8][0xd5][0x9c][0x14]lGR([0x17]$[0x86][0x6][0xb4]6[0xa9][0xb8][0xe1][0x17][0x99][0xf][0xdb]kU[0xdc][0xb4]W7j[0xec]py[0xa3][0xc6][0xde]|[0xc0]c[0xbb][0xcd][\r][0xc3][0x1a]I[0x96][0xd1][0x91][0xf1](Nf[0xb7][0xba][0xad][0x5]AGfM[0xd9][0xf4]3z[0xe8]!S[0x0][0xde]G~[0xdc][0xdd][0xc1]ckH[0xee][0x0]1[0xfb]5[0xb4][0xf1][0xe5][0x86][0xcd][\r]-z[0x93]A3F[0x9a][0xa3][0x13][0xa3][0xa6][0xbb][0x8e]i[0xf5]T<b[0x94][0xa5][0xa1][0xd5][0x83][0x82]=[0xc1][0x14]l[0xb1]ays[0xef][0xf6][0x9f]g[0xd7]>p[0xf3][0xfe][0xfe][0xbd][0x9b][0x1b]5[\r][0x10]#[0xba]b[0x94][0xd1][0xc5]\[0xa4][0xd1][0x4]Yr[0x1d][0xdd][0xb6][0xf4][0xed][0x8e]L[0xcf]o[0x11][0xd1][0xa9]N[0xe9][0xcc][0xb8]So[0xd4][0xd7][0xe1][0xbb]^[0x92]7[0x1f]~[0xf9][0xdb][0xfd];[0x9f][0xb3]c[0xf9]b[0xca][0xf8]jE[0xab][0x6]"[0xb4]=5[0xc0]7[0x1]T[0xdd][0x1d][0xd4][0x8a][0x8][0xe3][0x94][0x83][0x89]B[0xce]P?[0xa1][\r][0xbc]6[0xc4][0x2] >[0xbd]}s[0xfa][0xda][0x9f][0x12][0xb2]5[0x14]d[\r][0xa4][0x9f]R[0x1][0xf6][0xc8][0xe5][0x84][0x9f][0xe7][0xb5][0x91][0xc6]^[0x81]h[0x8d]\[0xcb]([0xd7]+m9[0xd6] =[0x91]([0xe2][0x8d]=[0xc7]Gz[0x1f]*[0x7]r[0x11][0xef]7go~[0xf2][0xe0][0xc5]O)[0x3][0xb][0xa1][0x17][0xcf][0x13][0xd2]F[0x11][0x2]6Ah[0x17]1[0x14]?[0xa4][0x91]c{Yl)[0xec]L[0x80][0x91][0xc1]k[0x87][0x12][0xd9][0xff][0x87][0xe9][0xbd]w([0x11]AF[0xb4]O-G[0xc2][0x13][0xce][0x9d]$[0xc]D%K[0xd6][0xae]s[0x13][0x93]&+UH[0xac][0xea] [0xa4][0xef][0xb](%H[0x11][0x83][0x92]R[0x82][0xfc]p[0x9][0xbe][0xea][0xa5][0x8a][0x9c][0xb6]"[0x1c]O[0xac]HP[0x94][0xa3][0x8d][0xb6]p[0x10]tB_[0x97]aR[0xa4]][0xe0]M[0xf6][0x6][0xe][0xee]fz[H[0x18][0xa2][0xca][0x8e][0xe5][0x0][0xe9][0xd3]K[0x8d]eH[0x5][0xf3][0xa4][0xd9][0x8c]b[0x13]F[0xea]l[0x1c][0x8c][0x92][0xbe][0x1d][0xc3]m"O[0xe8]J[0xdf][0xea][0xf][0xd9][0x12]W[\n]"
2016-06-15 19:05:54,936 [main] [org.apache.http.wire]-[DEBUG] http-outgoing-1 << "[0xe9][0xd0][0x9][0xf3][0xc9][0xd0]aP[0xe3][0xef]>[0xdb][0xfb][0xfe][0xad][0xb9]T<K[0x8f][0xc4][0xb8]R@[0x3][0x86][0xe7]J[0x11][0xc6]`[0x11][0xf4]m[0xa4][0xb9][0xe8]G[0x96]A[0xdc][0x88][0xc0]j[0x1][0x81][0xd1][0xfc][0x5][0x8c][0xc0][0xd0][0xe9][0x8b]Os[0xb1][0xf]vaG[0xec]Z9[0xa4][0x3][0xfa]8[0xc1]|[0xc6][0xf4];[0xf0]k[0xe0]:[4W[0xdc][0x2][0xf4][0x19]b[0xc][0x4][0x8c][0xe2][0xb7]oM[0xdf][0xf8]a.E[0xe2][0xf4]l+[0xe8][0xe7]([0xf2][0xe7]G"[0xc9]a[0xe4][0xf4]&[0xe6]M[0xff]x[0xf]?x[0xfd][0xaf][0xb3]w[0xe7][0xb]8[0xd0][0xfb][0xae][0xad][0xf9]9[0x86][0xf8][0xf3]#1[0xc4]a[0xe]ah[0xfa][0xf5][0x1f]g[0x1f][0xdd]J[0xb9][0xb2][0xc8][0xf0][0xc7]cA[0x9b][0x86][0xab][0x7][0xb5][0x81][0xeb][0x13][0x8c][0x1f][0x82][0xb7][0xe]8[0xe7]h[0x12]`[0xd7][0xcb][0xb1][0x9b][0xae]dU[0x2][0xb0][0xa0][0x90][0xf][0xbf][0x9d]~[0xfa][0xc1][0x89]^[0xd8][0xc6]o[0xe6][0xc2][0xf3][0xde][0x2]+}[0xe0][0x10]I[0xd8][0x9c]t[0x1d][0x88]dP[0xcb][0xfc]e[0xb6][0xc0][0xe4]^[0xd4]DN[0x82]aw`[0x85][0x1d][0x19]X[0x1c][0xe][0x88][0x13][0xaa][0x81][0xa9]niA[0xa8][0x8e]4{H:Oia_[0xa5]9E9y[Q[0xed][0x91][0xf0][0x92]5[0x80][0xab][0x1a][0xbe][0x17][0x3][0xe]4[0xe3]|[0x93][0xe]9[0x8c][0xd0]k[0xfe][0x1a]!&N[0x11][0x1f][0x97][0x87][0xc4][0xdf][0x8d]]/m[0xa4]3[0xc6][0xf8][0x0][0xa6][0xcf][0x1d]y[0xf9][0xb4][0xc]i[0xdd][0x8e][\r][0x16][0x12][0xf6];2[0xd0][0x93]i[0xb5][\n]"
2016-06-15 19:05:54,939 [main] [org.apache.http.wire]-[DEBUG] http-outgoing-1 << "b[0xf5]l[0x12][0xc2][0xc][0xd7][0x84][0x85][0xd4]b[0xff][0x99]f$[0xee][0xd9]f[0x18]a[0xcb][0x96]%[0xb6][0xca][0xd4][0xcb][0x87]\:aWP[0x94]e[0xb2]w[0xb3]h[0x17][0x85][0xf2][0xc7][0xe5][0xd3])[0x95]*>[0x9][0x87][0xbe]#[0x99][0x9a][0x1d][0x90]6[0x2][\r]\[0x8]Y[0x98][0x9e][0xf1]xL[0xb9][0xf9]W\t)[0xdb][0xaf].[0xc5][0xf3][\r]w[0xec][0x1c]8[0x9f]5[0x9a][0x13][0x80][0xa1]w[0x14][0xf4][0xee]0[0xcc]O/[0x89][0x82][0x13][0xc5][0xc3]R[0xca]HS`[0xf]f,[0xaa][0x94]eS[0xf8][0x3][0x1][0xc3]C[0xa6][0x8c]c[0xc4][0x90][0xab]4[0xd6][0xd7]Q[0xbf][0x7][0x2]x1[0x0][0xec][0x9a][0xe5]z[0xe3]P[0x0][0x8b][0xc4][0x10][0xc3][0xd0]\cKFEF[0xbb][0xc7]K[0xcc][0x85]6[0xc8]i[0x98][0x8d][0xb7][0xdf][0xc0]2[0xc0][0xbd];[0xbb]Q*[0x83]/[0xd4][0xd6]s[0xa1][0x1][0xc7]S[0xee][0xbb]x[0x8f][0xc3][0x12]qo[0x87][0x90]^[0xe3][0xdb][0xbd][][s[0xb6][0xc1][0xb7][0xdf][0xff][0xf5][0xf4][0xfa]g[0xb3]o[0xde][0xe1][0xae]$E[0xdc][0xb6][0x86]0[0xeb][0xb2][0x95][0x90]od[0xc8][d[0x1][0xd2][0xcd]z[0xb3][0x88][0xf4][0xec]o7[0x1e]|[0xfe][0xca][0xf4][0xfd]/[0x8a]H[0x1b][0x9a][0x8b][0x89][B[0xb9][0x99][0xa1][0xdc]h.-Dz[0xa9][0x88]4[0xa4][0x18][0xd3][0xff][0xbe]6[0xbd]u[0xf7][0xc1]+f[0xce][0xcc]K[0xb9]2[0xd6]<[0x91][0x93][0xea][0x81]:[0xeb][0xc7]5[0xc7][0x81][0xed],[0xd1]2[0x3][0xfc][0x16]/`hQ'GoZg[0xa7]_[0xf2]lYpA[0xb5][0x90][0x80][0xf7]`[0xe9]a[0xe4][0xb8][0x1f][0x9b][0xe0][0x2][0xaf][0xe6][0xd9][0xdc][0xb0][0x6][\r][\n]"
2016-06-15 19:05:54,941 [main] [org.apache.http.wire]-[DEBUG] http-outgoing-1 << "794[\r][\n]"
2016-06-15 19:05:54,941 [main] [org.apache.http.wire]-[DEBUG] http-outgoing-1 << "=[0x89][0xb6]G[0x1f][0x9b][0xc0]%\5`[0x16][0xad][0xca]:[0xf2][0xea][\n]"
2016-06-15 19:05:54,942 [main] [org.apache.http.wire]-[DEBUG] http-outgoing-1 << "[0xda][0x2]-[0xcb][0xc0]95[0xd1]9[0xd9]![0xce][0xa4][0xaf]_#6[0xfc]-<[0xd8]\8[0xf1][0xa5]=#[0x9e]>[0xe3]%[[0x9][0xcd]G[0x99][0xb4][0xa2]7[0xc6][0xb3][0x99]'B[0x98]a,[0xa1][0xec][0xc9][0xc9][0x92][0xb7][0x93].[0xb7][0xa2][0xe][0x82][0xb8][0xd4]t?[0x9]f[0x10]x[0x80]m[0xa9]d[0xe5][0xcd]d[0xe1]p[0x9d][0xc5][0x88][0xd8][0xbc][0xd4][0xb][0xeb]g[0x9f]y[0x86]j8[0xde]n[0x1e]@[0xc1][0xd0][0xde][0xbd][0xdf][0xcf]^[0xbd]6[0xfb][0xc5]7ttN[0x1a][0xcd]kb9[0x17]h[0xcd][0xe1]8[0x9d][0xf8]e[0xd4][0x97][0x18][0xb4][0xe9][0xba][0x10][0x7][0xb6]Bx0D[0xa3][0xde][0xdc][0xbb][0xfb][0xc2][0xde][0xed][0xf]fo}1[0xfd][0xfe][0xc7]\[0x1][0x81][0xe5]p[0xbe]x[0xe0]D[0xa1][0xf0][0xf7][0x8e]DT[0xeb][0x82][0xff][0x85][0xc][0xf1][0xfa]7{w[0xf8]{[0xfa][0xb]Rd[0xb9][0x3][0xe0][0x18][0x4][0x98]<`C[0xef]pr[0xb0])[0x0])Dh[0x1f]i[0xbe][0xf9][0xe0][0xdb]?L[0xff][0xf0][0x17]H[0xe7][0x8e][0xb6]J[0x13]p[0xf]-5S[0x84]R[0x8b]P[0xbd][0xbe][0x87]9[0x5][0xfd]f6[0x82][0xbb][0xab][0xb6][0x9c][0xe7]-[0xc7][0x9c]I[0x88][0x81][0xad][\n]"
2016-06-15 19:05:54,944 [main] [org.apache.http.wire]-[DEBUG] http-outgoing-1 << "P[0xfe]/[0xc1][0xf7][0xbc]0[0xbd][0xf1][0xe6][0xc3]?[0xbe]BY[0xeb][0xfa][0x9b]'t[0xd7][0xdb]m[0x9f]p[0xba][0x81][0xd7]f[0xac]&[0xa0][0xd5]]^KQv[0xd9][0x9c][0x8b]O[0xff][0xd3][0xd3][0xcf][0xb1][0xcb]*[0x87]*H[0xc5][0x6][0x96][0xd5]%[0x96][0xe6][0xa8]=w[0xa4][0xea]N[0x9e]K.[0xf][0xb4][0x8a];_]8[0xf7][0xcc][0x83][/@[0x11][0xb0][0xb6]~zz[0xe3][0xbb][0x88][0xb5]"[0xc4]"[0xd6][0x9a][0xe7][0xfa][0xa1]f[0xd7]|[0xd2][0xb3][0x2]`[0xf7][0xe2].[0xfc][0x1c]\[0x0][0xb3]=[0xe3]c[0xaf][0xc8][0xd0]][0x83]t[0x1a][0x98]2[0xd5][0xeb]M[0xfa]c%[0xa6][0xdc][0xd5][0xf2][0x9e][0x7]X[0x99]^[0xff][\n]"
2016-06-15 19:05:54,945 [main] [org.apache.http.wire]-[DEBUG] http-outgoing-1 << "[0xdd][0xe4][0xcd]W[0xa7][0x9f][0xbe][0x9c][0x86][0x8c][0x18][0xcb]W[0x9f][0xdc]/`?[0x9][0xff][0xe0][0xe4][0xe2][0xb0][0xf7][0xc][0xd4][0xc2][\n]"
2016-06-15 19:05:54,945 [main] [org.apache.http.wire]-[DEBUG] http-outgoing-1 << "U[0xc4][0x96]G/[0x85][0xcf] x[0xdc]w[0xc7]PbcJ u h[0x8e][0xac][0x9e][0x16][0xba][0xbe][0x8a]u[0xf7][0xd9][0x1e][0xe6][0x84][0xa1][0xfb][0xa4];&[0xfe]9-[0x80][0x9c]/[0x3]}![0xb8][0x88]`4[0xfb][0xc9][\r]=u[0x91]&$[0x85][0xe3]4[0x8d]ba[0xbb]#[0xc5][0xe9]'[0x8][0xe0][0xbc]M[0xf0][0xf2][0xf1][0xdd][0xb]F[0xb9]Dg[0x95][0xd8][0xe1]F[0xbc][0x80][0xce]$B"[0xb3]g[0xbe]k[0xc]!=2[0xe4][0x96][0xc][0x16][0xa9]y[0x9e][0x1c][0x93][0x92][0xd1]0[0xd9]sj[0xa8][0xc2]H[0xc0][0x86]$[0xaa][0xd0]@[0x1c][0xd0]}gl[0xc9]-[0xf8]M[0x88][0xa3]R[0x8f][0x97][0x1e][0xed]'[0xa3][0xcc][0x9]*[0x19][0x8e][0xba][0xa1][0xd6][0x3][0xaa]g[0xe5][0xcc][0x80][0xee][0xba][0xdb][0x16][0xf2]s[0xf1][0xb9][0xb]O([0x81][0xe]~[0x1a]>W[0xe9][0xfa][0xb8][0xa6]@[0x1c][0xc9][0xfa][0x88][0x83]r[0x1]#[0xc0]g[0xe8][0xf][0x89][0xc0][0xc6][0xb0]w[0x89][0xf3][0x8f][0xd9]}2`[0xb8][0x3][\r][0xb2][0x15]|[0xae][0xc2][0xa4][0x9e][0x90][0xae]%[0x93][0xb8][0xc8].[0x18]yx[0x80][0xf9])[0xa4]Gh[0xf]8[0x8][0xb9]_2F[0xf5]eQ [0x96][0xa6][0x8b]`[0x98]R3[0x84][0x98]=[0xa7][0x10]B,[0x9][0x9f]ep[0x98][0xe7]A}[0xdd][0x14]&[0xb0][0xbe][0xb4]0N[0xf3]@Ar[0x1][0x1][0xc1][0x80]M[0xc0]x=[0x8d][0xd7]vu[0xda][0x83][0x5][0x89]2[0xf5]&[0xe2]4[0x87][0xe]-[0xa4][0xc1]66[0xfd][0xca][0x95]D[0xac][0xa1][0xbf][0x9b][0xdc][0xe0]g[0xc][0xc0][0xee]X[0x85][0xdc][0x80][0xf8][0x8e]f[0xab][0xf8][0xc7]?,[0x99].[0x97][0x6][0xda]6A[0x4][0xe][0xa1][0xe8]J[0x8a]T[0xc2][0xad][0xdf]s[0xdd][0x9e]MP[0xac]j[0xbb]$[0x1e][0xbf][0x1]G`[0xf3]e[0x2][0x4][0xaf][0xb2]'[0xf0][0xb1]L[0xa9]\[0xb][0x88][0xd4][0xfc]Ou[0xa7]f[0xa9]![0x8][0xa4][0x9c][0xda]{[0x15][0x81][0xbf]x[[0xa1][0xca][0xdb]i[0x1c][0x94]5![0x14][0xc9][0xf6][0xcb][0xe3]I[0xb6][0x9f][0x0][0x84][0x3][0x9c][0xf6][0x89][0x13]"[0x8a]JZ\i[0x4]*d[0x18][0xe7]G[0xa0][0x9e]'[0xd1][0xef]A[0x92][0x92][0x99][0x8d][0x9f][0x3]f[0x97]K[0xdb]d[0x97][0xfe][\r][0xc][0x88][0x96][0xe9]Ja[0xfe]"}&[0xbb][0x8][0x1a][0xac][0xa2]rXD[0x4]W%[0x2][0x8f]r[0xb][0x8]CM[0xef]St[0x87][0xf0][0x9e]L,[0x97]\'[0xc7][0xf8][0xc1][0x1c][0xe7][0x80]S[0xec][0xa6]a9[0xa3][0x7]1[0x93][0xd0][0x7][\r]3[0x1c][0x7][0x91][0x8f])[0x16][0xcf][0xbe][0x9a][0xba][0xa0]?[0xf8][0xae][0x18]l[0x5][0xac]Q[0x82]~[0x9c]o*q7a[0x94][0x19][0x8b]N<0Y[0x91][0x9c];[0xe2][0xd6]a[0x96][0xd0]R([0xec])H[0xa7][0xf8][0x14][\r][0x88][0xf][0xca]`[0xd3]'%[0xd6]f[0x88][0xb0][0x8c]U[0xfa]WN[0xe5][0xe4][0x9][0xd4][0xe7][0x88][0xea]Y[0xd2];[0xbf][0xe3][0x95][0xe5][0xed]q[0xa7][0xfc][0x1f][0xff]u[0xe2][0xe7][0xa7]*r[0x85]m[0x93][0xc8]M[0xf0]7[0xb7]*9{.[0x8f]YE[0xaf][0xb2]N[0x83][0xd4][0xe9]H[0xf5][0x2]S[0xe0][0xb3]p[0xb1][0x4][0xc3][0xf9]s[0xcf]^[0xc0][0xbf]z[0x84][0xe2][0x3]t[0xca][0xc8][0xab][0x8f]5[0xb2][0x9a][0xcc]^[0xa0][0xf5][0xc5][0xc2]b[0x11]A[0xa5][0x2]~[0xda],C`[0xf8][0xb7][0x8e]\[0xd9][0xc8][0x91][0xcf][0x0][0x0][0xb]l*[0xc8]K[0x87]o[0xb9][0xed][0x81][0xd4]:[0xb5]6[0xd9][0xf1],[0xb0][0x89][0xce]E|[0xb][0xb9][0xb9].[0xfd][0xcb][0xd0][0xde][0x95][0xa0][0xfa][[0x95][0xea][0xf5][0x16][0xfd]'=w[0xe9]\[0x9b]E[0x89][0x8e]P[0xca][0xa7][0xd4][0xdf][0x16][0xf4][0x1f][0x88]zw[0x15][0xc9][0x83][0xae]b<[0x92][0x5][0xa0]3r[0xe9][0x9]En[0xe8]2[0xc][0x11]''U.[0xf2][0x94][0xb2][0x8f][0x95][\r]tP[0x6][0xd7][0xd6]f[0xbd]RI[0xcb][\n]"
2016-06-15 19:05:54,950 [main] [org.apache.http.wire]-[DEBUG] http-outgoing-1 << "[0xa5][0x3]V [0xe7]_[0x8a]@[0xd9][0xf7]ci[0xc3]"6s[0x92]f[0xfc][0x1][\n]"
2016-06-15 19:05:54,951 [main] [org.apache.http.wire]-[DEBUG] http-outgoing-1 << "0B[0x2]u[0xa2]ND[0xeb]2N[0xc9]`[[0x8f][0xfd][0xfc][0xa4][0xc][0xa9][0x90][0x1][0x92][0xbf]\I[0x88][0xe4][0xf7]l[0x9a][0x9e]|F.[0xa2](P=[0x5][0x9c][0x9f][0xf0][0xa8]Z=T[0xeb][0x9][0xf9][0x14][0xa3]"[0xce][0x9d][0xe7][0x1c][0x4][0x1c]g[0xe][0xc7]Q$[0x1a][0xcf]E[0xc1]zn[0xb4][0xf][0x90][0xd7]"[0xe1] [0x89][0xe3][0x94][0x80][0x9b][0x96]q[0xda]r[0xc2][0xb4][0xe9][0x18][0x8a][0xa7]x[0xee]#[0x1b]N[0xa9]tT[0xa3][0xc9][0xcd][0xc7][0xca][0x1f]1[0x9d])[0x89][0xf6]4[0xc6]Es[0x98]c[0xd8][0xd3][0xcb]z[0x7][0xa3][0xd3][0xe9][0xb0][0x83][0x96]JN[0xe8]}*[0x8c][0xc2][0xc3][0x16]z{[0x86].[0xa8]#[0x9f][0xba][0x9c]v[0xb]<[0x10]1[0xdc][0x90][0x82][0xcd]E[\r]c[0xb][0xe2][0xa0][0xe7]1[0x87]p[0x98];[0x93]a[0xf][0xce][0xd0][0xf6]H[0xf3][0xc4]"[0x84][0xd8]y[0xcc]!t[0xb2]g2[0xf4]~[0xa1]u[0xe0]A[0xcc]![0xc8]S[0x87]1x[0xb7][0x98][0x94][0xd9][0x19][0xcc]![0xb8][0xc5]s[0x98][0xd1]Bh[0xe3][0xc3][0x97][0x83][0x11]g[0xcf]b[0xf8][0x83][0xa2][0xe3][0x88][0x85][0xd4][0x10][0x9f][0xc0][0x1c]Lv[0xa1][0x3][0x99][0x85][0x8][0xc6]',[0x7][0x13]\[0xe8][0xc0]e[0x1e][0xc1][0x14][0xe5]I[0x9a]F[0x14]:[0x8a][0xbc]z[0xc6][0xc9]nf[0xdc][0x16][0xee][0xfb][0xe]8[0xc2]BP[0xaf][0x92]![0x4][0x8b]A[0x80]S2w[0xa2][0xc5]a[0xe4]P_[0xd9][0x9f][0xef]&[0xf1][0xc3][0x16][0xd3][0xe9][0xb3][0xc4]\[0xf4][0x9b][0xba]edc[0xee]#9[0xcd][0xc5]C[0xaa]T>v[0xb9]8[0xc][0xd2]`[0xa2]c[0x17][0x86][0x86][0x93]x[0x11][0xc5][0xa1][0xe][0x9c]k[0x87][0xb9][0xac][0xe6]x,[0x1f][0x1c][0xe6][0x82][0x1a][0xc5][0xcb][0xe6][0x9e][0x18]S[0x2]Ea.[0x83][0xb7][0xbb]}[0x8]^V[0xb2][0xa8][0xe4]L[0xe0]u.2[0xa4][0x18][0x4]#Z[0xdd]m9MD[0xbc]H[0xa9]!N|S[0xff]C[0x7]o1[0xc7][0xff]GG[0xf][0x11][\n]"
2016-06-15 19:05:54,954 [main] [org.apache.http.wire]-[DEBUG] http-outgoing-1 << "[0xcd][0xe5][0xa4][0xa9]+[0xf3]f[0xea][0xf3]A[\r]kU<lWG[0xea][0xe9][0x15][0xf5][0xf9]@[0xde][0xcc]!<[0xc][0x85][0xd7][0xdd][0x1a][0xa9][\r]u]]V[0xc1]q[0x1c][0x5][0xc7]f\[\n]"
2016-06-15 19:05:54,954 [main] [org.apache.http.wire]-[DEBUG] http-outgoing-1 << "[0x9b]Z[0x97][0xe6][0xc3][0x95][0x9][0x1e]i[0xc1]d[0xd7],[0xd3][0xbe][0x4][0xa4][0xdf][0xe7]h^Y9[0xd6][0x91][0xa3][0xe9]re[0x12][0xb0][0xb4][0xdc][0x1d][0x86]e[0xe][0xab]4h.[0xce]N[0xbd][0xda]W[0xa9]5[0xb2][0x11]j[0xb4]r[0x1d][0xf6][0x98][0x95][0xc5]Z[0x96][0xcf]>~[0xe9][0xfc][0xc5]K2d[0xde][0xc2][0xe4]y[0x93][0xd4]`[0xd8][\r]B[0x1f][0xdc]c[0xb9][0xae]`:[0x1d][0xb7]~T[0x1]:[0xba][0x4]&[0xe2]u[0xe5][0xf5]t[0x90]Xi[0xe3][0x7]<[0x96]a[0x83]a0[0xa5][0x1b][0xe][0xf5][0xcd][0xcc]_[0xd5]l[0xab][{[0x9e]n.[0xfe][0xab][0xda]P[0x1b][\r][0xb5]>_[0x5])[0xc4][0x9a][0xae]C[0xa5][0x13][\n]"
2016-06-15 19:05:54,956 [main] [org.apache.http.wire]-[DEBUG] http-outgoing-1 << ">[0x9f][0xfd][0xdf][0x2]5[0xcd][0xb3]j[0x9e][0x16][0x4][0xd8]3|4s[0xe0][0xc][0x8e]-[0x3][0x4]X[0xa3]/[0xab]P[0x3]C[0xc6]F[0xc0]`[0xf3][0x11][0xd0]b;[0x17][0x8d][0x95]n [0xee][0xab]-[0xc7][\n]"
2016-06-15 19:05:54,956 [main] [org.apache.http.wire]-[DEBUG] http-outgoing-1 << "[0xf9]ji[0xf7]y[0xce][0x8a]#X([0xcb][0xbb][0xf4][0xa4][0xe2][0x10][0x9]E[0xf3]C[0x8d][0xfe][0x87]81[0xdb]u0[0xf1]4T[0x8d][0xbd]CVc[0xff][0xa1][0xce][0xb1]j[0xf5][0x8a][0xbd][[0xad][0xd2]+|[0x89]f[0xcb][0x19][0xda]6[0xdc][0xff][0x1f][0xb1])[0x88][\n]"
2016-06-15 19:05:54,957 [main] [org.apache.http.wire]-[DEBUG] http-outgoing-1 << "[0x80]G[0x0][0x0][\r][\n]"
2016-06-15 19:05:54,957 [main] [org.apache.http.wire]-[DEBUG] http-outgoing-1 << "0[\r][\n]"
2016-06-15 19:05:54,957 [main] [org.apache.http.wire]-[DEBUG] http-outgoing-1 << "[\r][\n]"
2016-06-15 19:05:54,958 [main] [org.apache.http.headers]-[DEBUG] http-outgoing-1 << HTTP/1.1 200 OK
2016-06-15 19:05:54,958 [main] [org.apache.http.headers]-[DEBUG] http-outgoing-1 << Server: nginx
2016-06-15 19:05:54,958 [main] [org.apache.http.headers]-[DEBUG] http-outgoing-1 << Date: Wed, 15 Jun 2016 11:05:51 GMT
2016-06-15 19:05:54,958 [main] [org.apache.http.headers]-[DEBUG] http-outgoing-1 << Content-Type: text/html
2016-06-15 19:05:54,958 [main] [org.apache.http.headers]-[DEBUG] http-outgoing-1 << Transfer-Encoding: chunked
2016-06-15 19:05:54,959 [main] [org.apache.http.headers]-[DEBUG] http-outgoing-1 << Connection: keep-alive
2016-06-15 19:05:54,959 [main] [org.apache.http.headers]-[DEBUG] http-outgoing-1 << Vary: Accept-Encoding
2016-06-15 19:05:54,959 [main] [org.apache.http.headers]-[DEBUG] http-outgoing-1 << Set-Cookie: IPLOC=CN5101; expires=Thu, 15-Jun-17 11:05:51 GMT; domain=.sogou.com; path=/
2016-06-15 19:05:54,960 [main] [org.apache.http.headers]-[DEBUG] http-outgoing-1 << P3P: CP="CURa ADMa DEVa PSAo PSDo OUR BUS UNI PUR INT DEM STA PRE COM NAV OTC NOI DSP COR"
2016-06-15 19:05:54,960 [main] [org.apache.http.headers]-[DEBUG] http-outgoing-1 << Set-Cookie: SUID=1AF329D205C60D0A000000005761368F; expires=Tue, 10-Jun-36 11:05:51 GMT; domain=.sogou.com; path=/
2016-06-15 19:05:54,960 [main] [org.apache.http.headers]-[DEBUG] http-outgoing-1 << P3P: CP="CURa ADMa DEVa PSAo PSDo OUR BUS UNI PUR INT DEM STA PRE COM NAV OTC NOI DSP COR"
2016-06-15 19:05:54,961 [main] [org.apache.http.headers]-[DEBUG] http-outgoing-1 << Expires: Wed, 15 Jun 2016 11:05:51 GMT
2016-06-15 19:05:54,961 [main] [org.apache.http.headers]-[DEBUG] http-outgoing-1 << Cache-Control: max-age=0
2016-06-15 19:05:54,961 [main] [org.apache.http.headers]-[DEBUG] http-outgoing-1 << Content-Encoding: gzip
2016-06-15 19:05:54,961 [main] [org.apache.http.impl.execchain.MainClientExec]-[DEBUG] Connection can be kept alive indefinitely
2016-06-15 19:05:54,962 [main] [org.apache.http.client.protocol.ResponseProcessCookies]-[DEBUG] Cookie accepted [IPLOC="CN5101", version:0, domain:.sogou.com, path:/, expiry:Thu Jun 15 19:05:51 CST 2017]
2016-06-15 19:05:54,963 [main] [org.apache.http.client.protocol.ResponseProcessCookies]-[DEBUG] Cookie accepted [SUID="1AF329D205C60D0A000000005761368F", version:0, domain:.sogou.com, path:/, expiry:Tue Jun 10 19:05:51 CST 2036]
2016-06-15 19:05:54,968 [main] [org.apache.http.impl.conn.PoolingHttpClientConnectionManager]-[DEBUG] Connection [id: 1][route: {s}->https://www.sogou.com:443] can be kept alive indefinitely
2016-06-15 19:05:54,969 [main] [org.apache.http.impl.conn.PoolingHttpClientConnectionManager]-[DEBUG] Connection released: [id: 1][route: {s}->https://www.sogou.com:443][total kept alive: 2; route allocated: 1 of 2; total allocated: 2 of 20]
2016-06-15 19:05:54,998 [main] [org.apache.http.impl.conn.PoolingHttpClientConnectionManager]-[DEBUG] Connection manager is shutting down
2016-06-15 19:05:54,998 [main] [org.apache.http.impl.conn.DefaultManagedHttpClientConnection]-[DEBUG] http-outgoing-1: Close connection
2016-06-15 19:05:54,999 [main] [org.apache.http.impl.conn.DefaultManagedHttpClientConnection]-[DEBUG] http-outgoing-0: Close connection
2016-06-15 19:05:55,000 [main] [org.apache.http.impl.conn.DefaultManagedHttpClientConnection]-[DEBUG] http-outgoing-0: Close connection
2016-06-15 19:05:55,000 [main] [org.apache.http.impl.conn.DefaultManagedHttpClientConnection]-[DEBUG] http-outgoing-1: Close connection
2016-06-15 19:05:55,001 [main] [org.apache.http.impl.conn.PoolingHttpClientConnectionManager]-[DEBUG] Connection manager shut down
